


ARM Macro Assembler    Page 1 


    1 00000000         ;/**
    2 00000000         ; * FILE startup_MDR1901VC1T.S
    3 00000000         ; */
    4 00000000         
    5 00000000         ; Amount of memory (in bytes) allocated for Stack
    6 00000000         ; Tailor this value to your application needs
    7 00000000         ; <h> Stack Configuration
    8 00000000         ;   <o> Stack Size (in Bytes) <0x0-0xFFFFFFFF:8>
    9 00000000         ; </h>
   10 00000000         
   11 00000000 00000400 
                       Stack_Size
                               EQU              0x00000400
   12 00000000         
   13 00000000                 AREA             STACK, NOINIT, READWRITE, ALIGN
=3
   14 00000000         Stack_Mem
                               SPACE            Stack_Size
   15 00000400         __initial_sp
   16 00000400         
   17 00000400         
   18 00000400         ; <h> Heap Configuration
   19 00000400         ;   <o>  Heap Size (in Bytes) <0x0-0xFFFFFFFF:8>
   20 00000400         ; </h>
   21 00000400         
   22 00000400 00001000 
                       Heap_Size
                               EQU              0x00001000
   23 00000400         
   24 00000400                 AREA             HEAP, NOINIT, READWRITE, ALIGN=
3
   25 00000000         __heap_base
   26 00000000         Heap_Mem
                               SPACE            Heap_Size
   27 00001000         __heap_limit
   28 00001000         
   29 00001000                 PRESERVE8
   30 00001000                 THUMB
   31 00001000         
   32 00001000         
   33 00001000         ; Vector Table Mapped to Address 0 at Reset
   34 00001000                 AREA             RESET, DATA, READONLY
   35 00000000                 EXPORT           __Vectors
   36 00000000                 EXPORT           __Vectors_End
   37 00000000                 EXPORT           __Vectors_Size
   38 00000000 00000000 
                       __Vectors
                               DCD              __initial_sp ; Top of Stack
   39 00000004 00000000        DCD              Reset_Handler ; Reset Handler
   40 00000008 00000000        DCD              NonMaskableInt_Handler ; 2 Non 
                                                            Maskable Handeler
   41 0000000C 00000000        DCD              HardFault_Handler ; 3 Hard Faul
                                                            t Handeler
   42 00000010 00000000        DCD              MemoryManagement_Handler ; 4 Me
                                                            mory Management Han
                                                            deler
   43 00000014 00000000        DCD              BusFault_Handler ; 5 Bus Fault 
                                                            Handeler
   44 00000018 00000000        DCD              UsageFault_Handler ; 6 Usage Fa



ARM Macro Assembler    Page 2 


                                                            ult Handeler
   45 0000001C 00000000        DCD              0           ; Reserved
   46 00000020 00000000        DCD              0           ; Reserved
   47 00000024 00000000        DCD              0           ; Reserved
   48 00000028 00000000        DCD              0           ; Reserved
   49 0000002C 00000000        DCD              SVCall_Handler ; 10 SV Call Han
                                                            deler
   50 00000030 00000000        DCD              0           ; Reserved
   51 00000034 00000000        DCD              0           ; Reserved
   52 00000038 00000000        DCD              PendSV_Handler ; 14 Pend SV Han
                                                            deler
   53 0000003C 00000000        DCD              SysTick_Handler ; 15 System Tic
                                                            k Timer Handeler
   54 00000040         
   55 00000040         ; External Interrupts
   56 00000040 00000000        DCD              SSP3_IRQHandler ; SSP3 Handeler
                                                            
   57 00000044 00000000        DCD              SSP4_IRQHandler 
                                                            ; SSP4  Handeler
   58 00000048 00000000        DCD              USB_IRQHandler ; USB Host  Hand
                                                            eler
   59 0000004C 00000000        DCD              MCBSP1_IRQHandler 
                                                            ; MCBSP1  Handeler
   60 00000050 00000000        DCD              MCBSP2_IRQHandler 
                                                            ; MCBSP2  Handeler
   61 00000054 00000000        DCD              DMA_IRQHandler ; DMA  Handeler
   62 00000058 00000000        DCD              UART1_IRQHandler 
                                                            ; UART1  Handeler
   63 0000005C 00000000        DCD              UART2_IRQHandler 
                                                            ; UART2  Handeler
   64 00000060 00000000        DCD              SSP1_IRQHandler 
                                                            ; SSP1  Handeler
   65 00000064 00000000        DCD              MCBSP3_IRQHandler 
                                                            ; MCBSP3  Handeler
   66 00000068 00000000        DCD              I2C_IRQHandler ; I2C  Handeler
   67 0000006C 00000000        DCD              POWER_IRQHandler ; POWER Deteco
                                                            r  Handeler
   68 00000070 00000000        DCD              WWDG_IRQHandler ; Window Watchd
                                                            og  Handeler
   69 00000074 00000000        DCD              DMA_DSP_IRQHandler 
                                                            ; DMA DSP  Handeler
                                                            
   70 00000078 00000000        DCD              TIMER1_IRQHandler 
                                                            ; Timer1  Handeler
   71 0000007C 00000000        DCD              TIMER2_IRQHandler 
                                                            ; Timer2  Handeler
   72 00000080 00000000        DCD              TIMER3_IRQHandler 
                                                            ; Timer3  Handeler
   73 00000084 00000000        DCD              ADC_IRQHandler ; ADC  Handeler
   74 00000088 00000000        DCD              SDIO_IRQHandler 
                                                            ; SDIO  Handeler
   75 0000008C 00000000        DCD              COMPARATOR_IRQHandler ; COMPARA
                                                            TOR  Handeler
   76 00000090 00000000        DCD              SSP2_IRQHandler 
                                                            ; SSP2  Handeler
   77 00000094 00000000        DCD              AUDIO_IP_IRQHandler ; Audio IP 
                                                             Handeler
   78 00000098 00000000        DCD              DSP_CRPT_IRQHandler ; DSP CRPT 
                                                             Handeler



ARM Macro Assembler    Page 3 


   79 0000009C 00000000        DCD              DSP_TIMER_IRQHandler ; DSP TIME
                                                            R  Handeler
   80 000000A0 00000000        DCD              DSP_CORE_IRQHandler ; DSP CORE 
                                                             Handeler
   81 000000A4 00000000        DCD              DSP_STATE_IRQHandler ; DSP STAT
                                                            E  Handeler
   82 000000A8 00000000        DCD              UART3_IRQHandler 
                                                            ; UART3  Handeler
   83 000000AC 00000000        DCD              BACKUP_IRQHandler 
                                                            ; BACKUP  Handeler
   84 000000B0 00000000        DCD              EXT_INT1_IRQHandler ; EXT_INT1 
                                                             Handeler
   85 000000B4 00000000        DCD              EXT_INT2_IRQHandler ; EXT_INT2 
                                                             Handeler
   86 000000B8 00000000        DCD              EXT_INT3_IRQHandler ; EXT_INT3 
                                                             Handeler
   87 000000BC 00000000        DCD              EXT_INT4_IRQHandler ; EXT_INT4 
                                                             Handeler
   88 000000C0         __Vectors_End
   89 000000C0         
   90 000000C0 000000C0 
                       __Vectors_Size
                               EQU              __Vectors_End - __Vectors
   91 000000C0         
   92 000000C0                 AREA             |.text|, CODE, READONLY
   93 00000000         
   94 00000000         ; Reset handler
   95 00000000         Reset_Handler
                               PROC
   96 00000000                 EXPORT           Reset_Handler             [WEAK
]
   97 00000000                 IMPORT           SystemInit
   98 00000000                 IMPORT           __main
   99 00000000 4818            LDR              R0, =SystemInit
  100 00000002 4780            BLX              R0
  101 00000004 4818            LDR              R0, =__main
  102 00000006 4700            BX               R0
  103 00000008                 ENDP
  104 00000008         ; Dummy Exception Handlers (infinite loops which can be 
                       modified)
  105 00000008         NonMaskableInt_Handler
                               PROC
  106 00000008                 EXPORT           NonMaskableInt_Handler        [
WEAK]
  107 00000008 E7FE            B                .
  108 0000000A                 ENDP
  109 0000000A         
  110 0000000A         HardFault_Handler
                               PROC
  111 0000000A                 EXPORT           HardFault_Handler             [
WEAK]
  112 0000000A E7FE            B                .
  113 0000000C                 ENDP
  114 0000000C         
  115 0000000C         MemoryManagement_Handler
                               PROC
  116 0000000C                 EXPORT           MemoryManagement_Handler      [
WEAK]
  117 0000000C E7FE            B                .



ARM Macro Assembler    Page 4 


  118 0000000E                 ENDP
  119 0000000E         
  120 0000000E         BusFault_Handler
                               PROC
  121 0000000E                 EXPORT           BusFault_Handler              [
WEAK]
  122 0000000E E7FE            B                .
  123 00000010                 ENDP
  124 00000010         
  125 00000010         UsageFault_Handler
                               PROC
  126 00000010                 EXPORT           UsageFault_Handler            [
WEAK]
  127 00000010 E7FE            B                .
  128 00000012                 ENDP
  129 00000012         
  130 00000012         SVCall_Handler
                               PROC
  131 00000012                 EXPORT           SVCall_Handler                [
WEAK]
  132 00000012 E7FE            B                .
  133 00000014                 ENDP
  134 00000014         
  135 00000014         PendSV_Handler
                               PROC
  136 00000014                 EXPORT           PendSV_Handler                [
WEAK]
  137 00000014 E7FE            B                .
  138 00000016                 ENDP
  139 00000016         
  140 00000016         SysTick_Handler
                               PROC
  141 00000016                 EXPORT           SysTick_Handler               [
WEAK]
  142 00000016 E7FE            B                .
  143 00000018                 ENDP
  144 00000018         
  145 00000018         
  146 00000018         ; External Interrupts
  147 00000018         
  148 00000018         SSP3_IRQHandler
                               PROC
  149 00000018                 EXPORT           SSP3_IRQHandler               [
WEAK]
  150 00000018 E7FE            B                .
  151 0000001A                 ENDP
  152 0000001A         
  153 0000001A         SSP4_IRQHandler
                               PROC
  154 0000001A                 EXPORT           SSP4_IRQHandler               [
WEAK]
  155 0000001A E7FE            B                .
  156 0000001C                 ENDP
  157 0000001C         
  158 0000001C         USB_IRQHandler
                               PROC
  159 0000001C                 EXPORT           USB_IRQHandler                [
WEAK]
  160 0000001C E7FE            B                .



ARM Macro Assembler    Page 5 


  161 0000001E                 ENDP
  162 0000001E         
  163 0000001E         MCBSP1_IRQHandler
                               PROC
  164 0000001E                 EXPORT           MCBSP1_IRQHandler             [
WEAK]
  165 0000001E E7FE            B                .
  166 00000020                 ENDP
  167 00000020         
  168 00000020         MCBSP2_IRQHandler
                               PROC
  169 00000020                 EXPORT           MCBSP2_IRQHandler             [
WEAK]
  170 00000020 E7FE            B                .
  171 00000022                 ENDP
  172 00000022         
  173 00000022         DMA_IRQHandler
                               PROC
  174 00000022                 EXPORT           DMA_IRQHandler                [
WEAK]
  175 00000022 E7FE            B                .
  176 00000024                 ENDP
  177 00000024         
  178 00000024         UART1_IRQHandler
                               PROC
  179 00000024                 EXPORT           UART1_IRQHandler              [
WEAK]
  180 00000024 E7FE            B                .
  181 00000026                 ENDP
  182 00000026         
  183 00000026         UART2_IRQHandler
                               PROC
  184 00000026                 EXPORT           UART2_IRQHandler              [
WEAK]
  185 00000026 E7FE            B                .
  186 00000028                 ENDP
  187 00000028         
  188 00000028         SSP1_IRQHandler
                               PROC
  189 00000028                 EXPORT           SSP1_IRQHandler               [
WEAK]
  190 00000028 E7FE            B                .
  191 0000002A                 ENDP
  192 0000002A         
  193 0000002A         MCBSP3_IRQHandler
                               PROC
  194 0000002A                 EXPORT           MCBSP3_IRQHandler             [
WEAK]
  195 0000002A E7FE            B                .
  196 0000002C                 ENDP
  197 0000002C         
  198 0000002C         I2C_IRQHandler
                               PROC
  199 0000002C                 EXPORT           I2C_IRQHandler                [
WEAK]
  200 0000002C E7FE            B                .
  201 0000002E                 ENDP
  202 0000002E         
  203 0000002E         POWER_IRQHandler



ARM Macro Assembler    Page 6 


                               PROC
  204 0000002E                 EXPORT           POWER_IRQHandler              [
WEAK]
  205 0000002E E7FE            B                .
  206 00000030                 ENDP
  207 00000030         
  208 00000030         WWDG_IRQHandler
                               PROC
  209 00000030                 EXPORT           WWDG_IRQHandler               [
WEAK]
  210 00000030 E7FE            B                .
  211 00000032                 ENDP
  212 00000032         
  213 00000032         DMA_DSP_IRQHandler
                               PROC
  214 00000032                 EXPORT           DMA_DSP_IRQHandler            [
WEAK]
  215 00000032 E7FE            B                .
  216 00000034                 ENDP
  217 00000034         
  218 00000034         TIMER1_IRQHandler
                               PROC
  219 00000034                 EXPORT           TIMER1_IRQHandler             [
WEAK]
  220 00000034 E7FE            B                .
  221 00000036                 ENDP
  222 00000036         
  223 00000036         TIMER2_IRQHandler
                               PROC
  224 00000036                 EXPORT           TIMER2_IRQHandler             [
WEAK]
  225 00000036 E7FE            B                .
  226 00000038                 ENDP
  227 00000038         
  228 00000038         TIMER3_IRQHandler
                               PROC
  229 00000038                 EXPORT           TIMER3_IRQHandler             [
WEAK]
  230 00000038 E7FE            B                .
  231 0000003A                 ENDP
  232 0000003A         
  233 0000003A         ADC_IRQHandler
                               PROC
  234 0000003A                 EXPORT           ADC_IRQHandler                [
WEAK]
  235 0000003A E7FE            B                .
  236 0000003C                 ENDP
  237 0000003C         
  238 0000003C         SDIO_IRQHandler
                               PROC
  239 0000003C                 EXPORT           SDIO_IRQHandler               [
WEAK]
  240 0000003C E7FE            B                .
  241 0000003E                 ENDP
  242 0000003E         
  243 0000003E         COMPARATOR_IRQHandler
                               PROC
  244 0000003E                 EXPORT           COMPARATOR_IRQHandler         [
WEAK]



ARM Macro Assembler    Page 7 


  245 0000003E E7FE            B                .
  246 00000040                 ENDP
  247 00000040         
  248 00000040         SSP2_IRQHandler
                               PROC
  249 00000040                 EXPORT           SSP2_IRQHandler               [
WEAK]
  250 00000040 E7FE            B                .
  251 00000042                 ENDP
  252 00000042         
  253 00000042         AUDIO_IP_IRQHandler
                               PROC
  254 00000042                 EXPORT           AUDIO_IP_IRQHandler           [
WEAK]
  255 00000042 E7FE            B                .
  256 00000044                 ENDP
  257 00000044         
  258 00000044         DSP_CRPT_IRQHandler
                               PROC
  259 00000044                 EXPORT           DSP_CRPT_IRQHandler           [
WEAK]
  260 00000044 E7FE            B                .
  261 00000046                 ENDP
  262 00000046         
  263 00000046         DSP_TIMER_IRQHandler
                               PROC
  264 00000046                 EXPORT           DSP_TIMER_IRQHandler          [
WEAK]
  265 00000046 E7FE            B                .
  266 00000048                 ENDP
  267 00000048         
  268 00000048         DSP_CORE_IRQHandler
                               PROC
  269 00000048                 EXPORT           DSP_CORE_IRQHandler           [
WEAK]
  270 00000048 E7FE            B                .
  271 0000004A                 ENDP
  272 0000004A         
  273 0000004A         DSP_STATE_IRQHandler
                               PROC
  274 0000004A                 EXPORT           DSP_STATE_IRQHandler          [
WEAK]
  275 0000004A E7FE            B                .
  276 0000004C                 ENDP
  277 0000004C         
  278 0000004C         UART3_IRQHandler
                               PROC
  279 0000004C                 EXPORT           UART3_IRQHandler              [
WEAK]
  280 0000004C E7FE            B                .
  281 0000004E                 ENDP
  282 0000004E         
  283 0000004E         BACKUP_IRQHandler
                               PROC
  284 0000004E                 EXPORT           BACKUP_IRQHandler             [
WEAK]
  285 0000004E E7FE            B                .
  286 00000050                 ENDP
  287 00000050         



ARM Macro Assembler    Page 8 


  288 00000050         EXT_INT1_IRQHandler
                               PROC
  289 00000050                 EXPORT           EXT_INT1_IRQHandler           [
WEAK]
  290 00000050 E7FE            B                .
  291 00000052                 ENDP
  292 00000052         
  293 00000052         EXT_INT2_IRQHandler
                               PROC
  294 00000052                 EXPORT           EXT_INT2_IRQHandler           [
WEAK]
  295 00000052 E7FE            B                .
  296 00000054                 ENDP
  297 00000054         
  298 00000054         EXT_INT3_IRQHandler
                               PROC
  299 00000054                 EXPORT           EXT_INT3_IRQHandler           [
WEAK]
  300 00000054 E7FE            B                .
  301 00000056                 ENDP
  302 00000056         
  303 00000056         EXT_INT4_IRQHandler
                               PROC
  304 00000056                 EXPORT           EXT_INT4_IRQHandler           [
WEAK]
  305 00000056 E7FE            B                .
  306 00000058                 ENDP
  307 00000058         
  308 00000058         
  309 00000058                 ALIGN
  310 00000058         
  311 00000058         
  312 00000058         
  313 00000058         ; User Initial Stack & Heap
  314 00000058         
  315 00000058                 IF               :DEF:__MICROLIB
  322 00000058         
  323 00000058                 IMPORT           __use_two_region_memory
  324 00000058                 EXPORT           __user_initial_stackheap
  325 00000058         __user_initial_stackheap
  326 00000058         
  327 00000058 4804            LDR              R0, =  Heap_Mem
  328 0000005A 4905            LDR              R1, =(Stack_Mem + Stack_Size)
  329 0000005C 4A05            LDR              R2, = (Heap_Mem +  Heap_Size)
  330 0000005E 4B06            LDR              R3, = Stack_Mem
  331 00000060 4770            BX               LR
  332 00000062         
  333 00000062 00 00           ALIGN
  334 00000064         
  335 00000064                 ENDIF
  336 00000064         
  337 00000064         
  338 00000064                 END
              00000000 
              00000000 
              00000000 
              00000400 
              00001000 
              00000000 



ARM Macro Assembler    Page 9 


Command Line: --debug --xref --diag_suppress=9931 --cpu=Cortex-M3 --apcs=interw
ork --depend=.\objects\startup_mdr1901vc1t.d -o.\objects\startup_mdr1901vc1t.o 
-I.\RTE\Device\MDR1901VC1 -I.\RTE\_Main_Group -IC:\Users\user\AppData\Local\Arm
\Packs\ARM\CMSIS\5.8.0\CMSIS\Core\Include -IC:\Users\user\AppData\Local\Arm\Pac
ks\Keil\MDR1986BExx\2.0.3\Libraries\CMSIS\MDR32Fx\CoreSupport\CM3 -IC:\Users\us
er\AppData\Local\Arm\Packs\Keil\MDR1986BExx\2.0.3\Libraries\CMSIS\MDR32Fx\Devic
eSupport\MDR1901VC1T\inc -IC:\Users\user\AppData\Local\Arm\Packs\Keil\MDR1986BE
xx\2.0.3\Libraries\SPL\MDR32Fx\inc --predefine="__EVAL SETA 1" --predefine="__U
VISION_VERSION SETA 536" --predefine="_RTE_ SETA 1" --predefine="_RTE_ SETA 1" 
--list=.\listings\startup_mdr1901vc1t.lst RTE\Device\MDR1901VC1\startup_MDR1901
VC1T.S



ARM Macro Assembler    Page 1 Alphabetic symbol ordering
Relocatable symbols

STACK 00000000

Symbol: STACK
   Definitions
      At line 13 in file RTE\Device\MDR1901VC1\startup_MDR1901VC1T.S
   Uses
      None
Comment: STACK unused
Stack_Mem 00000000

Symbol: Stack_Mem
   Definitions
      At line 14 in file RTE\Device\MDR1901VC1\startup_MDR1901VC1T.S
   Uses
      At line 328 in file RTE\Device\MDR1901VC1\startup_MDR1901VC1T.S
      At line 330 in file RTE\Device\MDR1901VC1\startup_MDR1901VC1T.S

__initial_sp 00000400

Symbol: __initial_sp
   Definitions
      At line 15 in file RTE\Device\MDR1901VC1\startup_MDR1901VC1T.S
   Uses
      At line 38 in file RTE\Device\MDR1901VC1\startup_MDR1901VC1T.S
Comment: __initial_sp used once
3 symbols



ARM Macro Assembler    Page 1 Alphabetic symbol ordering
Relocatable symbols

HEAP 00000000

Symbol: HEAP
   Definitions
      At line 24 in file RTE\Device\MDR1901VC1\startup_MDR1901VC1T.S
   Uses
      None
Comment: HEAP unused
Heap_Mem 00000000

Symbol: Heap_Mem
   Definitions
      At line 26 in file RTE\Device\MDR1901VC1\startup_MDR1901VC1T.S
   Uses
      At line 327 in file RTE\Device\MDR1901VC1\startup_MDR1901VC1T.S
      At line 329 in file RTE\Device\MDR1901VC1\startup_MDR1901VC1T.S

__heap_base 00000000

Symbol: __heap_base
   Definitions
      At line 25 in file RTE\Device\MDR1901VC1\startup_MDR1901VC1T.S
   Uses
      None
Comment: __heap_base unused
__heap_limit 00001000

Symbol: __heap_limit
   Definitions
      At line 27 in file RTE\Device\MDR1901VC1\startup_MDR1901VC1T.S
   Uses
      None
Comment: __heap_limit unused
4 symbols



ARM Macro Assembler    Page 1 Alphabetic symbol ordering
Relocatable symbols

RESET 00000000

Symbol: RESET
   Definitions
      At line 34 in file RTE\Device\MDR1901VC1\startup_MDR1901VC1T.S
   Uses
      None
Comment: RESET unused
__Vectors 00000000

Symbol: __Vectors
   Definitions
      At line 38 in file RTE\Device\MDR1901VC1\startup_MDR1901VC1T.S
   Uses
      At line 35 in file RTE\Device\MDR1901VC1\startup_MDR1901VC1T.S
      At line 90 in file RTE\Device\MDR1901VC1\startup_MDR1901VC1T.S

__Vectors_End 000000C0

Symbol: __Vectors_End
   Definitions
      At line 88 in file RTE\Device\MDR1901VC1\startup_MDR1901VC1T.S
   Uses
      At line 36 in file RTE\Device\MDR1901VC1\startup_MDR1901VC1T.S
      At line 90 in file RTE\Device\MDR1901VC1\startup_MDR1901VC1T.S

3 symbols



ARM Macro Assembler    Page 1 Alphabetic symbol ordering
Relocatable symbols

.text 00000000

Symbol: .text
   Definitions
      At line 92 in file RTE\Device\MDR1901VC1\startup_MDR1901VC1T.S
   Uses
      None
Comment: .text unused
ADC_IRQHandler 0000003A

Symbol: ADC_IRQHandler
   Definitions
      At line 233 in file RTE\Device\MDR1901VC1\startup_MDR1901VC1T.S
   Uses
      At line 73 in file RTE\Device\MDR1901VC1\startup_MDR1901VC1T.S
      At line 234 in file RTE\Device\MDR1901VC1\startup_MDR1901VC1T.S

AUDIO_IP_IRQHandler 00000042

Symbol: AUDIO_IP_IRQHandler
   Definitions
      At line 253 in file RTE\Device\MDR1901VC1\startup_MDR1901VC1T.S
   Uses
      At line 77 in file RTE\Device\MDR1901VC1\startup_MDR1901VC1T.S
      At line 254 in file RTE\Device\MDR1901VC1\startup_MDR1901VC1T.S

BACKUP_IRQHandler 0000004E

Symbol: BACKUP_IRQHandler
   Definitions
      At line 283 in file RTE\Device\MDR1901VC1\startup_MDR1901VC1T.S
   Uses
      At line 83 in file RTE\Device\MDR1901VC1\startup_MDR1901VC1T.S
      At line 284 in file RTE\Device\MDR1901VC1\startup_MDR1901VC1T.S

BusFault_Handler 0000000E

Symbol: BusFault_Handler
   Definitions
      At line 120 in file RTE\Device\MDR1901VC1\startup_MDR1901VC1T.S
   Uses
      At line 43 in file RTE\Device\MDR1901VC1\startup_MDR1901VC1T.S
      At line 121 in file RTE\Device\MDR1901VC1\startup_MDR1901VC1T.S

COMPARATOR_IRQHandler 0000003E

Symbol: COMPARATOR_IRQHandler
   Definitions
      At line 243 in file RTE\Device\MDR1901VC1\startup_MDR1901VC1T.S
   Uses
      At line 75 in file RTE\Device\MDR1901VC1\startup_MDR1901VC1T.S
      At line 244 in file RTE\Device\MDR1901VC1\startup_MDR1901VC1T.S

DMA_DSP_IRQHandler 00000032

Symbol: DMA_DSP_IRQHandler
   Definitions
      At line 213 in file RTE\Device\MDR1901VC1\startup_MDR1901VC1T.S
   Uses



ARM Macro Assembler    Page 2 Alphabetic symbol ordering
Relocatable symbols

      At line 69 in file RTE\Device\MDR1901VC1\startup_MDR1901VC1T.S
      At line 214 in file RTE\Device\MDR1901VC1\startup_MDR1901VC1T.S

DMA_IRQHandler 00000022

Symbol: DMA_IRQHandler
   Definitions
      At line 173 in file RTE\Device\MDR1901VC1\startup_MDR1901VC1T.S
   Uses
      At line 61 in file RTE\Device\MDR1901VC1\startup_MDR1901VC1T.S
      At line 174 in file RTE\Device\MDR1901VC1\startup_MDR1901VC1T.S

DSP_CORE_IRQHandler 00000048

Symbol: DSP_CORE_IRQHandler
   Definitions
      At line 268 in file RTE\Device\MDR1901VC1\startup_MDR1901VC1T.S
   Uses
      At line 80 in file RTE\Device\MDR1901VC1\startup_MDR1901VC1T.S
      At line 269 in file RTE\Device\MDR1901VC1\startup_MDR1901VC1T.S

DSP_CRPT_IRQHandler 00000044

Symbol: DSP_CRPT_IRQHandler
   Definitions
      At line 258 in file RTE\Device\MDR1901VC1\startup_MDR1901VC1T.S
   Uses
      At line 78 in file RTE\Device\MDR1901VC1\startup_MDR1901VC1T.S
      At line 259 in file RTE\Device\MDR1901VC1\startup_MDR1901VC1T.S

DSP_STATE_IRQHandler 0000004A

Symbol: DSP_STATE_IRQHandler
   Definitions
      At line 273 in file RTE\Device\MDR1901VC1\startup_MDR1901VC1T.S
   Uses
      At line 81 in file RTE\Device\MDR1901VC1\startup_MDR1901VC1T.S
      At line 274 in file RTE\Device\MDR1901VC1\startup_MDR1901VC1T.S

DSP_TIMER_IRQHandler 00000046

Symbol: DSP_TIMER_IRQHandler
   Definitions
      At line 263 in file RTE\Device\MDR1901VC1\startup_MDR1901VC1T.S
   Uses
      At line 79 in file RTE\Device\MDR1901VC1\startup_MDR1901VC1T.S
      At line 264 in file RTE\Device\MDR1901VC1\startup_MDR1901VC1T.S

EXT_INT1_IRQHandler 00000050

Symbol: EXT_INT1_IRQHandler
   Definitions
      At line 288 in file RTE\Device\MDR1901VC1\startup_MDR1901VC1T.S
   Uses
      At line 84 in file RTE\Device\MDR1901VC1\startup_MDR1901VC1T.S
      At line 289 in file RTE\Device\MDR1901VC1\startup_MDR1901VC1T.S

EXT_INT2_IRQHandler 00000052




ARM Macro Assembler    Page 3 Alphabetic symbol ordering
Relocatable symbols

Symbol: EXT_INT2_IRQHandler
   Definitions
      At line 293 in file RTE\Device\MDR1901VC1\startup_MDR1901VC1T.S
   Uses
      At line 85 in file RTE\Device\MDR1901VC1\startup_MDR1901VC1T.S
      At line 294 in file RTE\Device\MDR1901VC1\startup_MDR1901VC1T.S

EXT_INT3_IRQHandler 00000054

Symbol: EXT_INT3_IRQHandler
   Definitions
      At line 298 in file RTE\Device\MDR1901VC1\startup_MDR1901VC1T.S
   Uses
      At line 86 in file RTE\Device\MDR1901VC1\startup_MDR1901VC1T.S
      At line 299 in file RTE\Device\MDR1901VC1\startup_MDR1901VC1T.S

EXT_INT4_IRQHandler 00000056

Symbol: EXT_INT4_IRQHandler
   Definitions
      At line 303 in file RTE\Device\MDR1901VC1\startup_MDR1901VC1T.S
   Uses
      At line 87 in file RTE\Device\MDR1901VC1\startup_MDR1901VC1T.S
      At line 304 in file RTE\Device\MDR1901VC1\startup_MDR1901VC1T.S

HardFault_Handler 0000000A

Symbol: HardFault_Handler
   Definitions
      At line 110 in file RTE\Device\MDR1901VC1\startup_MDR1901VC1T.S
   Uses
      At line 41 in file RTE\Device\MDR1901VC1\startup_MDR1901VC1T.S
      At line 111 in file RTE\Device\MDR1901VC1\startup_MDR1901VC1T.S

I2C_IRQHandler 0000002C

Symbol: I2C_IRQHandler
   Definitions
      At line 198 in file RTE\Device\MDR1901VC1\startup_MDR1901VC1T.S
   Uses
      At line 66 in file RTE\Device\MDR1901VC1\startup_MDR1901VC1T.S
      At line 199 in file RTE\Device\MDR1901VC1\startup_MDR1901VC1T.S

MCBSP1_IRQHandler 0000001E

Symbol: MCBSP1_IRQHandler
   Definitions
      At line 163 in file RTE\Device\MDR1901VC1\startup_MDR1901VC1T.S
   Uses
      At line 59 in file RTE\Device\MDR1901VC1\startup_MDR1901VC1T.S
      At line 164 in file RTE\Device\MDR1901VC1\startup_MDR1901VC1T.S

MCBSP2_IRQHandler 00000020

Symbol: MCBSP2_IRQHandler
   Definitions
      At line 168 in file RTE\Device\MDR1901VC1\startup_MDR1901VC1T.S
   Uses
      At line 60 in file RTE\Device\MDR1901VC1\startup_MDR1901VC1T.S



ARM Macro Assembler    Page 4 Alphabetic symbol ordering
Relocatable symbols

      At line 169 in file RTE\Device\MDR1901VC1\startup_MDR1901VC1T.S

MCBSP3_IRQHandler 0000002A

Symbol: MCBSP3_IRQHandler
   Definitions
      At line 193 in file RTE\Device\MDR1901VC1\startup_MDR1901VC1T.S
   Uses
      At line 65 in file RTE\Device\MDR1901VC1\startup_MDR1901VC1T.S
      At line 194 in file RTE\Device\MDR1901VC1\startup_MDR1901VC1T.S

MemoryManagement_Handler 0000000C

Symbol: MemoryManagement_Handler
   Definitions
      At line 115 in file RTE\Device\MDR1901VC1\startup_MDR1901VC1T.S
   Uses
      At line 42 in file RTE\Device\MDR1901VC1\startup_MDR1901VC1T.S
      At line 116 in file RTE\Device\MDR1901VC1\startup_MDR1901VC1T.S

NonMaskableInt_Handler 00000008

Symbol: NonMaskableInt_Handler
   Definitions
      At line 105 in file RTE\Device\MDR1901VC1\startup_MDR1901VC1T.S
   Uses
      At line 40 in file RTE\Device\MDR1901VC1\startup_MDR1901VC1T.S
      At line 106 in file RTE\Device\MDR1901VC1\startup_MDR1901VC1T.S

POWER_IRQHandler 0000002E

Symbol: POWER_IRQHandler
   Definitions
      At line 203 in file RTE\Device\MDR1901VC1\startup_MDR1901VC1T.S
   Uses
      At line 67 in file RTE\Device\MDR1901VC1\startup_MDR1901VC1T.S
      At line 204 in file RTE\Device\MDR1901VC1\startup_MDR1901VC1T.S

PendSV_Handler 00000014

Symbol: PendSV_Handler
   Definitions
      At line 135 in file RTE\Device\MDR1901VC1\startup_MDR1901VC1T.S
   Uses
      At line 52 in file RTE\Device\MDR1901VC1\startup_MDR1901VC1T.S
      At line 136 in file RTE\Device\MDR1901VC1\startup_MDR1901VC1T.S

Reset_Handler 00000000

Symbol: Reset_Handler
   Definitions
      At line 95 in file RTE\Device\MDR1901VC1\startup_MDR1901VC1T.S
   Uses
      At line 39 in file RTE\Device\MDR1901VC1\startup_MDR1901VC1T.S
      At line 96 in file RTE\Device\MDR1901VC1\startup_MDR1901VC1T.S

SDIO_IRQHandler 0000003C

Symbol: SDIO_IRQHandler



ARM Macro Assembler    Page 5 Alphabetic symbol ordering
Relocatable symbols

   Definitions
      At line 238 in file RTE\Device\MDR1901VC1\startup_MDR1901VC1T.S
   Uses
      At line 74 in file RTE\Device\MDR1901VC1\startup_MDR1901VC1T.S
      At line 239 in file RTE\Device\MDR1901VC1\startup_MDR1901VC1T.S

SSP1_IRQHandler 00000028

Symbol: SSP1_IRQHandler
   Definitions
      At line 188 in file RTE\Device\MDR1901VC1\startup_MDR1901VC1T.S
   Uses
      At line 64 in file RTE\Device\MDR1901VC1\startup_MDR1901VC1T.S
      At line 189 in file RTE\Device\MDR1901VC1\startup_MDR1901VC1T.S

SSP2_IRQHandler 00000040

Symbol: SSP2_IRQHandler
   Definitions
      At line 248 in file RTE\Device\MDR1901VC1\startup_MDR1901VC1T.S
   Uses
      At line 76 in file RTE\Device\MDR1901VC1\startup_MDR1901VC1T.S
      At line 249 in file RTE\Device\MDR1901VC1\startup_MDR1901VC1T.S

SSP3_IRQHandler 00000018

Symbol: SSP3_IRQHandler
   Definitions
      At line 148 in file RTE\Device\MDR1901VC1\startup_MDR1901VC1T.S
   Uses
      At line 56 in file RTE\Device\MDR1901VC1\startup_MDR1901VC1T.S
      At line 149 in file RTE\Device\MDR1901VC1\startup_MDR1901VC1T.S

SSP4_IRQHandler 0000001A

Symbol: SSP4_IRQHandler
   Definitions
      At line 153 in file RTE\Device\MDR1901VC1\startup_MDR1901VC1T.S
   Uses
      At line 57 in file RTE\Device\MDR1901VC1\startup_MDR1901VC1T.S
      At line 154 in file RTE\Device\MDR1901VC1\startup_MDR1901VC1T.S

SVCall_Handler 00000012

Symbol: SVCall_Handler
   Definitions
      At line 130 in file RTE\Device\MDR1901VC1\startup_MDR1901VC1T.S
   Uses
      At line 49 in file RTE\Device\MDR1901VC1\startup_MDR1901VC1T.S
      At line 131 in file RTE\Device\MDR1901VC1\startup_MDR1901VC1T.S

SysTick_Handler 00000016

Symbol: SysTick_Handler
   Definitions
      At line 140 in file RTE\Device\MDR1901VC1\startup_MDR1901VC1T.S
   Uses
      At line 53 in file RTE\Device\MDR1901VC1\startup_MDR1901VC1T.S
      At line 141 in file RTE\Device\MDR1901VC1\startup_MDR1901VC1T.S



ARM Macro Assembler    Page 6 Alphabetic symbol ordering
Relocatable symbols


TIMER1_IRQHandler 00000034

Symbol: TIMER1_IRQHandler
   Definitions
      At line 218 in file RTE\Device\MDR1901VC1\startup_MDR1901VC1T.S
   Uses
      At line 70 in file RTE\Device\MDR1901VC1\startup_MDR1901VC1T.S
      At line 219 in file RTE\Device\MDR1901VC1\startup_MDR1901VC1T.S

TIMER2_IRQHandler 00000036

Symbol: TIMER2_IRQHandler
   Definitions
      At line 223 in file RTE\Device\MDR1901VC1\startup_MDR1901VC1T.S
   Uses
      At line 71 in file RTE\Device\MDR1901VC1\startup_MDR1901VC1T.S
      At line 224 in file RTE\Device\MDR1901VC1\startup_MDR1901VC1T.S

TIMER3_IRQHandler 00000038

Symbol: TIMER3_IRQHandler
   Definitions
      At line 228 in file RTE\Device\MDR1901VC1\startup_MDR1901VC1T.S
   Uses
      At line 72 in file RTE\Device\MDR1901VC1\startup_MDR1901VC1T.S
      At line 229 in file RTE\Device\MDR1901VC1\startup_MDR1901VC1T.S

UART1_IRQHandler 00000024

Symbol: UART1_IRQHandler
   Definitions
      At line 178 in file RTE\Device\MDR1901VC1\startup_MDR1901VC1T.S
   Uses
      At line 62 in file RTE\Device\MDR1901VC1\startup_MDR1901VC1T.S
      At line 179 in file RTE\Device\MDR1901VC1\startup_MDR1901VC1T.S

UART2_IRQHandler 00000026

Symbol: UART2_IRQHandler
   Definitions
      At line 183 in file RTE\Device\MDR1901VC1\startup_MDR1901VC1T.S
   Uses
      At line 63 in file RTE\Device\MDR1901VC1\startup_MDR1901VC1T.S
      At line 184 in file RTE\Device\MDR1901VC1\startup_MDR1901VC1T.S

UART3_IRQHandler 0000004C

Symbol: UART3_IRQHandler
   Definitions
      At line 278 in file RTE\Device\MDR1901VC1\startup_MDR1901VC1T.S
   Uses
      At line 82 in file RTE\Device\MDR1901VC1\startup_MDR1901VC1T.S
      At line 279 in file RTE\Device\MDR1901VC1\startup_MDR1901VC1T.S

USB_IRQHandler 0000001C

Symbol: USB_IRQHandler
   Definitions



ARM Macro Assembler    Page 7 Alphabetic symbol ordering
Relocatable symbols

      At line 158 in file RTE\Device\MDR1901VC1\startup_MDR1901VC1T.S
   Uses
      At line 58 in file RTE\Device\MDR1901VC1\startup_MDR1901VC1T.S
      At line 159 in file RTE\Device\MDR1901VC1\startup_MDR1901VC1T.S

UsageFault_Handler 00000010

Symbol: UsageFault_Handler
   Definitions
      At line 125 in file RTE\Device\MDR1901VC1\startup_MDR1901VC1T.S
   Uses
      At line 44 in file RTE\Device\MDR1901VC1\startup_MDR1901VC1T.S
      At line 126 in file RTE\Device\MDR1901VC1\startup_MDR1901VC1T.S

WWDG_IRQHandler 00000030

Symbol: WWDG_IRQHandler
   Definitions
      At line 208 in file RTE\Device\MDR1901VC1\startup_MDR1901VC1T.S
   Uses
      At line 68 in file RTE\Device\MDR1901VC1\startup_MDR1901VC1T.S
      At line 209 in file RTE\Device\MDR1901VC1\startup_MDR1901VC1T.S

__user_initial_stackheap 00000058

Symbol: __user_initial_stackheap
   Definitions
      At line 325 in file RTE\Device\MDR1901VC1\startup_MDR1901VC1T.S
   Uses
      At line 324 in file RTE\Device\MDR1901VC1\startup_MDR1901VC1T.S
Comment: __user_initial_stackheap used once
43 symbols



ARM Macro Assembler    Page 1 Alphabetic symbol ordering
Absolute symbols

Heap_Size 00001000

Symbol: Heap_Size
   Definitions
      At line 22 in file RTE\Device\MDR1901VC1\startup_MDR1901VC1T.S
   Uses
      At line 26 in file RTE\Device\MDR1901VC1\startup_MDR1901VC1T.S
      At line 329 in file RTE\Device\MDR1901VC1\startup_MDR1901VC1T.S

Stack_Size 00000400

Symbol: Stack_Size
   Definitions
      At line 11 in file RTE\Device\MDR1901VC1\startup_MDR1901VC1T.S
   Uses
      At line 14 in file RTE\Device\MDR1901VC1\startup_MDR1901VC1T.S
      At line 328 in file RTE\Device\MDR1901VC1\startup_MDR1901VC1T.S

__Vectors_Size 000000C0

Symbol: __Vectors_Size
   Definitions
      At line 90 in file RTE\Device\MDR1901VC1\startup_MDR1901VC1T.S
   Uses
      At line 37 in file RTE\Device\MDR1901VC1\startup_MDR1901VC1T.S
Comment: __Vectors_Size used once
3 symbols



ARM Macro Assembler    Page 1 Alphabetic symbol ordering
External symbols

SystemInit 00000000

Symbol: SystemInit
   Definitions
      At line 97 in file RTE\Device\MDR1901VC1\startup_MDR1901VC1T.S
   Uses
      At line 99 in file RTE\Device\MDR1901VC1\startup_MDR1901VC1T.S
Comment: SystemInit used once
__main 00000000

Symbol: __main
   Definitions
      At line 98 in file RTE\Device\MDR1901VC1\startup_MDR1901VC1T.S
   Uses
      At line 101 in file RTE\Device\MDR1901VC1\startup_MDR1901VC1T.S
Comment: __main used once
__use_two_region_memory 00000000

Symbol: __use_two_region_memory
   Definitions
      At line 323 in file RTE\Device\MDR1901VC1\startup_MDR1901VC1T.S
   Uses
      None
Comment: __use_two_region_memory unused
3 symbols
396 symbols in table
